#
# A fatal error has been detected by the Java Runtime Environment:
#
#  Internal Error (classFileParser.cpp:3494), pid=6064, tid=2724
#  Error: ShouldNotReachHere()
#
# JRE version: 6.0_39-b04
# Java VM: Java HotSpot(TM) Client VM (20.14-b01 mixed mode windows-x86 )
# If you would like to submit a bug report, please visit:
#   http://java.sun.com/webapps/bugreport/crash.jsp
#

---------------  T H R E A D  ---------------

Current thread (0x01a09000):  JavaThread "Unknown thread" [_thread_in_vm, id=2724, stack(0x00470000,0x004c0000)]

Stack: [0x00470000,0x004c0000],  sp=0x004bf86c,  free space=318k
Native frames: (J=compiled Java code, j=interpreted, Vv=VM code, C=native code)
V  [jvm.dll+0x13490a]
V  [jvm.dll+0x12f3fb]
V  [jvm.dll+0x1676e]
V  [jvm.dll+0x17faf]
V  [jvm.dll+0x27565]
V  [jvm.dll+0x27da6]
V  [jvm.dll+0x28155]
V  [jvm.dll+0x281e9]
V  [jvm.dll+0x282ac]
V  [jvm.dll+0x2832a]
V  [jvm.dll+0x2840d]
V  [jvm.dll+0x286d9]
V  [jvm.dll+0x6cdd3]
V  [jvm.dll+0x6d1ac]
V  [jvm.dll+0xfa79c]
V  [jvm.dll+0x1190eb]
V  [jvm.dll+0x9f4e0]
C  [javaw.exe+0x1657]
C  [javaw.exe+0x1e2c]
C  [javaw.exe+0x8624]
C  [kernel32.dll+0x4ed6c]  BaseThreadInitThunk+0x12
C  [ntdll.dll+0x637eb]  RtlInitializeExceptionChain+0xef
C  [ntdll.dll+0x637be]  RtlInitializeExceptionChain+0xc2


---------------  P R O C E S S  ---------------

Java Threads: ( => current thread )

Other Threads:

=>0x01a09000 (exited) JavaThread "Unknown thread" [_thread_in_vm, id=2724, stack(0x00470000,0x004c0000)]

VM state:not at safepoint (not fully initialized)

VM Mutex/Monitor currently owned by a thread: None

Dynamic libraries:
0x00400000 - 0x00425000 	C:\Program Files\Java\jre6\bin\javaw.exe
0x774c0000 - 0x775fc000 	C:\Windows\SYSTEM32\ntdll.dll
0x75b60000 - 0x75c34000 	C:\Windows\system32\kernel32.dll
0x75740000 - 0x7578b000 	C:\Windows\system32\KERNELBASE.dll
0x75d70000 - 0x75e10000 	C:\Windows\system32\ADVAPI32.dll
0x76310000 - 0x763bc000 	C:\Windows\system32\msvcrt.dll
0x77610000 - 0x77629000 	C:\Windows\SYSTEM32\sechost.dll
0x75ab0000 - 0x75b52000 	C:\Windows\system32\RPCRT4.dll
0x771f0000 - 0x772b9000 	C:\Windows\system32\USER32.dll
0x77630000 - 0x7767e000 	C:\Windows\system32\GDI32.dll
0x77600000 - 0x7760a000 	C:\Windows\system32\LPK.dll
0x76500000 - 0x7659d000 	C:\Windows\system32\USP10.dll
0x75d50000 - 0x75d6f000 	C:\Windows\system32\IMM32.DLL
0x75860000 - 0x7592c000 	C:\Windows\system32\MSCTF.dll
0x7c340000 - 0x7c396000 	C:\Program Files\Java\jre6\bin\msvcr71.dll
0x6d7f0000 - 0x6daa0000 	C:\Program Files\Java\jre6\bin\client\jvm.dll
0x72920000 - 0x72952000 	C:\Windows\system32\WINMM.dll
0x75430000 - 0x7547c000 	C:\Windows\system32\apphelp.dll
0x6d7a0000 - 0x6d7ac000 	C:\Program Files\Java\jre6\bin\verify.dll
0x6d320000 - 0x6d33f000 	C:\Program Files\Java\jre6\bin\java.dll
0x6d7e0000 - 0x6d7ef000 	C:\Program Files\Java\jre6\bin\zip.dll
0x75aa0000 - 0x75aa5000 	C:\Windows\system32\PSAPI.DLL

VM Arguments:
jvm_args: -Dfile.encoding=Cp1252 -Xbootclasspath:C:\Users\diego\Desktop\Apps\sdk\platforms\android-17\android.jar 
java_command: principal.Principal
Launcher Type: SUN_STANDARD

Environment Variables:
CLASSPATH=java.exe;C:\Users\diego\Desktop\Apps\SDK Manager.exe
PATH=C:/Program Files/Java/jre6/bin/client;C:/Program Files/Java/jre6/bin;C:/Program Files/Java/jre6/lib/i386;C:\Program Files\iis express\PHP\v5.3;C:\MinGW\bin;C:\Windows\system32;C:\Windows;C:\Windows\System32\Wbem;C:\Windows\System32\WindowsPowerShell\v1.0\;C:\cygwin\bin;C:\Program Files\Internet Explorer;C:\Program Files\Microsoft\Web Platform Installer\;C:\Program Files\Microsoft SQL Server\100\Tools\Binn\;C:\Program Files\Microsoft SQL Server\100\DTS\Binn\;C:\Program Files\Microsoft ASP.NET\ASP.NET Web Pages\v1.0\;C:\Program Files\Microsoft SQL Server\110\Tools\Binn\;C:\Users\diego\AppData\Roaming\npm;C:\Program Files\nodejs\;C:\Windows\System32\WindowsPowerShell\v1.0\;C:\Users\diego\Desktop\Apps\eclipse;
USERNAME=diego
OS=Windows_NT
PROCESSOR_IDENTIFIER=x86 Family 6 Model 23 Stepping 7, GenuineIntel



---------------  S Y S T E M  ---------------

OS: Windows 7 Build 7601 Service Pack 1

CPU:total 4 (4 cores per cpu, 1 threads per core) family 6 model 23 stepping 7, cmov, cx8, fxsr, mmx, sse, sse2, sse3, ssse3, sse4.1

Memory: 4k page, physical 2882796k(902408k free), swap 5763840k(2284760k free)

vm_info: Java HotSpot(TM) Client VM (20.14-b01) for windows-x86 JRE (1.6.0_39-b04), built on Jan 15 2013 14:00:47 by "java_re" with MS VC++ 7.1 (VS2003)

time: Thu Sep 05 19:44:35 2013
elapsed time: 0 seconds

