#
# A fatal error has been detected by the Java Runtime Environment:
#
#  Internal Error (classFileParser.cpp:3494), pid=5560, tid=3196
#  Error: ShouldNotReachHere()
#
# JRE version: 6.0_39-b04
# Java VM: Java HotSpot(TM) Client VM (20.14-b01 mixed mode windows-x86 )
# If you would like to submit a bug report, please visit:
#   http://java.sun.com/webapps/bugreport/crash.jsp
#

---------------  T H R E A D  ---------------

Current thread (0x003b9000):  JavaThread "Unknown thread" [_thread_in_vm, id=3196, stack(0x00350000,0x003a0000)]

Stack: [0x00350000,0x003a0000],  sp=0x0039f86c,  free space=318k
Native frames: (J=compiled Java code, j=interpreted, Vv=VM code, C=native code)
V  [jvm.dll+0x13490a]
V  [jvm.dll+0x12f3fb]
V  [jvm.dll+0x1676e]
V  [jvm.dll+0x17faf]
V  [jvm.dll+0x27565]
V  [jvm.dll+0x27da6]
V  [jvm.dll+0x28155]
V  [jvm.dll+0x281e9]
V  [jvm.dll+0x282ac]
V  [jvm.dll+0x2832a]
V  [jvm.dll+0x2840d]
V  [jvm.dll+0x286d9]
V  [jvm.dll+0x6cdd3]
V  [jvm.dll+0x6d1ac]
V  [jvm.dll+0xfa79c]
V  [jvm.dll+0x1190eb]
V  [jvm.dll+0x9f4e0]
C  [javaw.exe+0x1657]
C  [javaw.exe+0x1e2c]
C  [javaw.exe+0x8624]
C  [kernel32.dll+0x4ed6c]  BaseThreadInitThunk+0x12
C  [ntdll.dll+0x637eb]  RtlInitializeExceptionChain+0xef
C  [ntdll.dll+0x637be]  RtlInitializeExceptionChain+0xc2


---------------  P R O C E S S  ---------------

Java Threads: ( => current thread )

Other Threads:

=>0x003b9000 (exited) JavaThread "Unknown thread" [_thread_in_vm, id=3196, stack(0x00350000,0x003a0000)]

VM state:not at safepoint (not fully initialized)

VM Mutex/Monitor currently owned by a thread: None

Dynamic libraries:
0x00400000 - 0x00425000 	C:\Program Files\Java\jre6\bin\javaw.exe
0x77a30000 - 0x77b6c000 	C:\Windows\SYSTEM32\ntdll.dll
0x777e0000 - 0x778b4000 	C:\Windows\system32\kernel32.dll
0x75d20000 - 0x75d6b000 	C:\Windows\system32\KERNELBASE.dll
0x76130000 - 0x761d0000 	C:\Windows\system32\ADVAPI32.dll
0x76080000 - 0x7612c000 	C:\Windows\system32\msvcrt.dll
0x774a0000 - 0x774b9000 	C:\Windows\SYSTEM32\sechost.dll
0x75dd0000 - 0x75e72000 	C:\Windows\system32\RPCRT4.dll
0x775f0000 - 0x776b9000 	C:\Windows\system32\USER32.dll
0x778c0000 - 0x7790e000 	C:\Windows\system32\GDI32.dll
0x77b80000 - 0x77b8a000 	C:\Windows\system32\LPK.dll
0x77910000 - 0x779ad000 	C:\Windows\system32\USP10.dll
0x761d0000 - 0x761ef000 	C:\Windows\system32\IMM32.DLL
0x77b90000 - 0x77c5c000 	C:\Windows\system32\MSCTF.dll
0x7c340000 - 0x7c396000 	C:\Program Files\Java\jre6\bin\msvcr71.dll
0x6d7f0000 - 0x6daa0000 	C:\Program Files\Java\jre6\bin\client\jvm.dll
0x737c0000 - 0x737f2000 	C:\Windows\system32\WINMM.dll
0x759a0000 - 0x759ec000 	C:\Windows\system32\apphelp.dll
0x6d7a0000 - 0x6d7ac000 	C:\Program Files\Java\jre6\bin\verify.dll
0x6d320000 - 0x6d33f000 	C:\Program Files\Java\jre6\bin\java.dll
0x6d7e0000 - 0x6d7ef000 	C:\Program Files\Java\jre6\bin\zip.dll
0x77100000 - 0x77105000 	C:\Windows\system32\PSAPI.DLL

VM Arguments:
jvm_args: -Dfile.encoding=Cp1252 -Xbootclasspath:C:\Users\diego\Desktop\Apps\sdk\platforms\android-17\android.jar 
java_command: principal.Principal
Launcher Type: SUN_STANDARD

Environment Variables:
CLASSPATH=java.exe;C:\Users\diego\Desktop\Apps\SDK Manager.exe
PATH=C:/Program Files/Java/jre6/bin/client;C:/Program Files/Java/jre6/bin;C:/Program Files/Java/jre6/lib/i386;C:\Program Files\iis express\PHP\v5.3;C:\MinGW\bin;C:\Windows\system32;C:\Windows;C:\Windows\System32\Wbem;C:\Windows\System32\WindowsPowerShell\v1.0\;C:\cygwin\bin;C:\Program Files\Internet Explorer;C:\Program Files\Microsoft\Web Platform Installer\;C:\Program Files\Microsoft SQL Server\100\Tools\Binn\;C:\Program Files\Microsoft SQL Server\100\DTS\Binn\;C:\Program Files\Microsoft ASP.NET\ASP.NET Web Pages\v1.0\;C:\Program Files\Microsoft SQL Server\110\Tools\Binn\;C:\Users\diego\AppData\Roaming\npm;C:\Program Files\nodejs\;C:\Windows\System32\WindowsPowerShell\v1.0\;C:\Users\diego\Desktop\Apps\eclipse;
USERNAME=diego
OS=Windows_NT
PROCESSOR_IDENTIFIER=x86 Family 6 Model 23 Stepping 7, GenuineIntel



---------------  S Y S T E M  ---------------

OS: Windows 7 Build 7601 Service Pack 1

CPU:total 4 (4 cores per cpu, 1 threads per core) family 6 model 23 stepping 7, cmov, cx8, fxsr, mmx, sse, sse2, sse3, ssse3, sse4.1

Memory: 4k page, physical 2882796k(868660k free), swap 5763840k(1833984k free)

vm_info: Java HotSpot(TM) Client VM (20.14-b01) for windows-x86 JRE (1.6.0_39-b04), built on Jan 15 2013 14:00:47 by "java_re" with MS VC++ 7.1 (VS2003)

time: Mon Sep 02 17:28:26 2013
elapsed time: 0 seconds

